<?xml version="1.0" encoding="UTF-8"?>
<!-- Generated by org.testng.reporters.JUnitReportReporter -->
<testsuite hostname="Skynet" failures="0" tests="2" name="mytest.Program1" time="6.949" errors="0" timestamp="2022-10-31T14:50:41 GMT" skipped="0">
  <testcase classname="mytest.Program1" name="verifyLogo" time="4.272"/>
  <system-out/>
  <testcase classname="mytest.Program1" name="verifyTitle" time="2.677"/>
  <system-out/>
</testsuite> <!-- mytest.Program1 -->
